<?xml version="1.0" encoding="UTF-8"?>
<beans xmlns:xsi="http://www.w3.org/2001/XMLSchema-instance"
       xmlns="http://www.springframework.org/schema/beans"
       xsi:schemaLocation="http://www.springframework.org/schema/beans
       http://www.springframework.org/schema/beans/spring-beans.xsd">


    <bean class="org.springframework.beans.factory.config.PropertyPlaceholderConfigurer">
        <property name="locations">
            <list>
                <value>classpath*:database.properties</value>
                <value>classpath*:player-sql-queries.properties</value>
                <value>classpath*:team-sql-queries.properties</value>
            </list>
        </property>
    </bean>


    <import resource="classpath*:spring-db.xml"/>


    <bean id="playerDao" class="com.dmitryshibunia.dao.PlayerDaoImpl">
        <constructor-arg ref="dataSource"/>
    </bean>

    <bean id="teamDao" class="com.dmitryshibunia.dao.TeamDaoImpl">
        <constructor-arg ref="dataSource"/>
    </bean>


</beans>